<component name="libraryTable">
  <library name="junit-4.7">
    <CLASSES>
      <root url="jar://E:/java/junit5/junit-4.7.jar!/" />
    </CLASSES>
    <JAVADOC />
    <SOURCES />
  </library>
</component>